<?xml version="1.0" encoding="UTF-8"?>
<!-- Generated by org.testng.reporters.JUnitReportReporter -->
<testsuite hostname="srujanas-MBP.attlocal.net" failures="0" tests="20" name="com.maven.testNG.DataProviderLoginTest" time="121.597" errors="0" timestamp="24 Jun 2024 23:55:01 GMT" skipped="0">
  <testcase classname="com.maven.testNG.DataProviderLoginTest" name="loginTest" time="7.459"/>
  <testcase classname="com.maven.testNG.DataProviderLoginTest" name="loginTest" time="7.634"/>
  <testcase classname="com.maven.testNG.DataProviderLoginTest" name="loginTest" time="5.091"/>
  <testcase classname="com.maven.testNG.DataProviderLoginTest" name="loginTest" time="6.288"/>
  <testcase classname="com.maven.testNG.DataProviderLoginTest" name="loginTest" time="5.648"/>
  <testcase classname="com.maven.testNG.DataProviderLoginTest" name="loginTest" time="5.823"/>
  <testcase classname="com.maven.testNG.DataProviderLoginTest" name="loginTest" time="6.088"/>
  <testcase classname="com.maven.testNG.DataProviderLoginTest" name="loginTest" time="5.938"/>
  <testcase classname="com.maven.testNG.DataProviderLoginTest" name="loginTest" time="5.130"/>
  <testcase classname="com.maven.testNG.DataProviderLoginTest" name="loginTest" time="5.712"/>
  <testcase classname="com.maven.testNG.DataProviderLoginTest" name="loginTest" time="5.766"/>
  <testcase classname="com.maven.testNG.DataProviderLoginTest" name="loginTest" time="6.269"/>
  <testcase classname="com.maven.testNG.DataProviderLoginTest" name="loginTest" time="5.650"/>
  <testcase classname="com.maven.testNG.DataProviderLoginTest" name="loginTest" time="6.066"/>
  <testcase classname="com.maven.testNG.DataProviderLoginTest" name="loginTest" time="5.447"/>
  <testcase classname="com.maven.testNG.DataProviderLoginTest" name="loginTest" time="6.452"/>
  <testcase classname="com.maven.testNG.DataProviderLoginTest" name="loginTest" time="5.247"/>
  <testcase classname="com.maven.testNG.DataProviderLoginTest" name="loginTest" time="5.317"/>
  <testcase classname="com.maven.testNG.DataProviderLoginTest" name="loginTest" time="6.201"/>
  <testcase classname="com.maven.testNG.DataProviderLoginTest" name="loginTest" time="8.371"/>
</testsuite> <!-- com.maven.testNG.DataProviderLoginTest -->
