<?xml version="1.0" encoding="UTF-8"?>
<!-- Generated by org.testng.reporters.JUnitReportReporter -->
<testsuite hostname="srujanas-MBP.attlocal.net" failures="0" tests="1" name="com.maven.testNG.TestNgTest11" time="0.020" errors="0" timestamp="24 Jun 2024 15:13:14 GMT" skipped="0">
  <testcase classname="com.maven.testNG.TestNgTest11" name="testscript_1" time="0.020"/>
</testsuite> <!-- com.maven.testNG.TestNgTest11 -->
